<?xml version="1.0" encoding="UTF-8"?>
<!-- Generated by org.testng.reporters.JUnitReportReporter -->
<testsuite hostname="SRK" failures="0" tests="2" name="com.rameshsoft.selenium.pack1.A" time="0.014" errors="0" timestamp="22 Mar 2020 12:21:34 GMT" skipped="0">
  <testcase classname="com.rameshsoft.selenium.pack1.A" name="testTwo" time="0.005"/>
  <testcase classname="com.rameshsoft.selenium.pack1.A" name="testOne" time="0.009"/>
</testsuite> <!-- com.rameshsoft.selenium.pack1.A -->
