<?xml version="1.0" encoding="UTF-8"?>
<!-- Generated by org.testng.reporters.JUnitReportReporter -->
<testsuite hostname="SRK" failures="0" tests="1" name="sample.DeleteCustomer" time="11.465" errors="0" timestamp="06 Jan 2020 16:08:43 GMT" skipped="0">
  <testcase classname="sample.DeleteCustomer" name="deleteCustomer" time="11.465"/>
</testsuite> <!-- sample.DeleteCustomer -->
