<?xml version="1.0" encoding="UTF-8"?>
<!-- Generated by org.testng.reporters.JUnitReportReporter -->
<testsuite hostname="SRK" failures="0" tests="1" name="groupExecution.Sample2" time="0.002" errors="0" timestamp="03 Mar 2019 09:48:37 GMT" skipped="0">
  <testcase classname="groupExecution.Sample2" name="testFunctional" time="0.002"/>
</testsuite> <!-- groupExecution.Sample2 -->
