<?xml version="1.0" encoding="UTF-8"?>
<!-- Generated by org.testng.reporters.JUnitReportReporter -->
<testsuite hostname="SRK" failures="0" tests="2" name="com.rameshsoft.selenium.pack1.B" time="0.015" errors="0" timestamp="22 Feb 2020 13:23:41 GMT" skipped="1">
  <testcase classname="com.rameshsoft.selenium.pack1.B" name="welcome" time="0.015"/>
  <testcase classname="com.rameshsoft.selenium.pack1.B" name="hello">
    <skipped/>
  </testcase> <!-- hello -->
</testsuite> <!-- com.rameshsoft.selenium.pack1.B -->
