<?xml version="1.0" encoding="UTF-8"?>
<!-- Generated by org.testng.reporters.JUnitReportReporter -->
<testsuite hostname="SRK" failures="0" tests="3" name="demo.ClassTwo" time="0.015" errors="0" timestamp="19 Aug 2020 11:59:43 GMT" skipped="0">
  <testcase classname="demo.ClassTwo" name="testCC" time="0.000"/>
  <testcase classname="demo.ClassTwo" name="testAA" time="0.015"/>
  <testcase classname="demo.ClassTwo" name="testBB" time="0.000"/>
</testsuite> <!-- demo.ClassTwo -->
