<?xml version="1.0" encoding="UTF-8"?>
<!-- Generated by org.testng.reporters.JUnitReportReporter -->
<testsuite hostname="SRK" failures="0" tests="3" name="demo.ClassOne" time="0.016" errors="0" timestamp="19 Aug 2020 11:59:43 GMT" skipped="0">
  <testcase classname="demo.ClassOne" name="testAA" time="0.016"/>
  <testcase classname="demo.ClassOne" name="testBB" time="0.000"/>
  <testcase classname="demo.ClassOne" name="testCC" time="0.000"/>
</testsuite> <!-- demo.ClassOne -->
