<?xml version="1.0" encoding="UTF-8"?>
<!-- Generated by org.testng.reporters.JUnitReportReporter -->
<testsuite hostname="SRK" failures="0" tests="1" name="sample.CreateCustomer" time="12.597" errors="0" timestamp="06 Jan 2020 16:08:43 GMT" skipped="0">
  <testcase classname="sample.CreateCustomer" name="createCustomer" time="12.597"/>
</testsuite> <!-- sample.CreateCustomer -->
