<?xml version="1.0" encoding="UTF-8"?>
<!-- Generated by org.testng.reporters.JUnitReportReporter -->
<testsuite hostname="SRK" failures="0" tests="1" name="parametrization.DemoClass" time="0.011" errors="0" timestamp="03 Mar 2019 10:00:16 GMT" skipped="0">
  <testcase classname="parametrization.DemoClass" name="testSample" time="0.011"/>
</testsuite> <!-- parametrization.DemoClass -->
