<?xml version="1.0" encoding="UTF-8"?>
<!-- Generated by org.testng.reporters.JUnitReportReporter -->
<testsuite hostname="SRK" failures="0" tests="1" name="sample.LoginLogout" time="12.188" errors="0" timestamp="06 Jan 2020 16:08:43 GMT" skipped="0">
  <testcase classname="sample.LoginLogout" name="loginLogout" time="12.188"/>
</testsuite> <!-- sample.LoginLogout -->
