<?xml version="1.0" encoding="UTF-8"?>
<!-- Generated by org.testng.reporters.JUnitReportReporter -->
<testsuite hostname="SRK" failures="0" tests="2" name="parallelExecution.ParallelExec" time="17.460" errors="0" timestamp="03 Mar 2019 10:33:31 GMT" skipped="0">
  <testcase classname="parallelExecution.ParallelExec" name="testParallelExec" time="5.569"/>
  <testcase classname="parallelExecution.ParallelExec" name="testParallelExec" time="11.891"/>
</testsuite> <!-- parallelExecution.ParallelExec -->
