<?xml version="1.0" encoding="UTF-8"?>
<!-- Generated by org.testng.reporters.JUnitReportReporter -->
<testsuite hostname="SRK" failures="0" tests="3" name="sample.DefaultExecution" time="0.016" errors="0" timestamp="02 Mar 2019 09:15:15 GMT" skipped="0">
  <testcase classname="sample.DefaultExecution" name="testCC" time="0.016"/>
  <testcase classname="sample.DefaultExecution" name="testAA" time="0.000"/>
  <testcase classname="sample.DefaultExecution" name="testBB" time="0.000"/>
</testsuite> <!-- sample.DefaultExecution -->
