<?xml version="1.0" encoding="UTF-8"?>
<!-- Generated by org.testng.reporters.JUnitReportReporter -->
<testsuite hostname="SRK" failures="0" tests="6" name="com.rameshsoft.selenium.pack5.DependsOnGroups" time="0.000" errors="0" timestamp="22 Feb 2020 11:30:15 GMT" skipped="0">
  <testcase classname="com.rameshsoft.selenium.pack5.DependsOnGroups" name="hello" time="0.000"/>
  <testcase classname="com.rameshsoft.selenium.pack5.DependsOnGroups" name="testMotion" time="0.000"/>
  <testcase classname="com.rameshsoft.selenium.pack5.DependsOnGroups" name="setData" time="0.000"/>
  <testcase classname="com.rameshsoft.selenium.pack5.DependsOnGroups" name="testData" time="0.000"/>
  <testcase classname="com.rameshsoft.selenium.pack5.DependsOnGroups" name="testOne" time="0.000"/>
  <testcase classname="com.rameshsoft.selenium.pack5.DependsOnGroups" name="testInput" time="0.000"/>
</testsuite> <!-- com.rameshsoft.selenium.pack5.DependsOnGroups -->
