<?xml version="1.0" encoding="UTF-8"?>
<!-- Generated by org.testng.reporters.JUnitReportReporter -->
<testsuite hostname="SRK" failures="0" tests="4" name="com.rameshsoft.selenium.pack2.ATest" time="0.015" errors="0" timestamp="22 Feb 2020 11:30:04 GMT" skipped="0">
  <testcase classname="com.rameshsoft.selenium.pack2.ATest" name="bye" time="0.000"/>
  <testcase classname="com.rameshsoft.selenium.pack2.ATest" name="soon" time="0.000"/>
  <testcase classname="com.rameshsoft.selenium.pack2.ATest" name="welcome" time="0.000"/>
  <testcase classname="com.rameshsoft.selenium.pack2.ATest" name="hello" time="0.015"/>
</testsuite> <!-- com.rameshsoft.selenium.pack2.ATest -->
