<?xml version="1.0" encoding="UTF-8"?>
<!-- Generated by org.testng.reporters.JUnitReportReporter -->
<testsuite hostname="SRK" failures="0" tests="4" name="com.rmeshsot.selenium.pack1.B" time="0.016" errors="0" timestamp="22 Feb 2020 09:21:52 GMT" skipped="1">
  <testcase classname="com.rmeshsot.selenium.pack1.B" name="welcome" time="0.016"/>
  <testcase classname="com.rmeshsot.selenium.pack1.B" name="soon" time="0.000"/>
  <testcase classname="com.rmeshsot.selenium.pack1.B" name="bye" time="0.000"/>
  <testcase classname="com.rmeshsot.selenium.pack1.B" name="hello">
    <skipped/>
  </testcase> <!-- hello -->
</testsuite> <!-- com.rmeshsot.selenium.pack1.B -->
