<?xml version="1.0" encoding="UTF-8"?>
<!-- Generated by org.testng.reporters.JUnitReportReporter -->
<testsuite hostname="SRK" failures="0" tests="3" name="com.rameshsoft.selenium.pack4.ParametersTestFile" time="0.016" errors="0" timestamp="22 Feb 2020 10:40:28 GMT" skipped="0">
  <testcase classname="com.rameshsoft.selenium.pack4.ParametersTestFile" name="test" time="0.000"/>
  <testcase classname="com.rameshsoft.selenium.pack4.ParametersTestFile" name="hello" time="0.000"/>
  <testcase classname="com.rameshsoft.selenium.pack4.ParametersTestFile" name="defaultvalues" time="0.016"/>
</testsuite> <!-- com.rameshsoft.selenium.pack4.ParametersTestFile -->
