<?xml version="1.0" encoding="UTF-8"?>
<!-- Generated by org.testng.reporters.JUnitReportReporter -->
<testsuite hostname="SRK" failures="0" tests="2" name="com.rmeshsot.selenium.pack1.A" time="0.016" errors="0" timestamp="22 Feb 2020 09:11:37 GMT" skipped="0">
  <testcase classname="com.rmeshsot.selenium.pack1.A" name="testTwo" time="0.000"/>
  <testcase classname="com.rmeshsot.selenium.pack1.A" name="testOne" time="0.016"/>
</testsuite> <!-- com.rmeshsot.selenium.pack1.A -->
