<?xml version="1.0" encoding="UTF-8"?>
<!-- Generated by org.testng.reporters.JUnitReportReporter -->
<testsuite hostname="SRK" failures="0" tests="4" name="com.rameshsoft.selenium.pack4.DataProviderClassTest" time="0.020" errors="0" timestamp="23 Feb 2020 10:02:48 GMT" skipped="0">
  <testcase classname="com.rameshsoft.selenium.pack4.DataProviderClassTest" name="gmLogin" time="0.003"/>
  <testcase classname="com.rameshsoft.selenium.pack4.DataProviderClassTest" name="gmLogin" time="0.013"/>
  <testcase classname="com.rameshsoft.selenium.pack4.DataProviderClassTest" name="gmLogin" time="0.002"/>
  <testcase classname="com.rameshsoft.selenium.pack4.DataProviderClassTest" name="gmLogin" time="0.002"/>
</testsuite> <!-- com.rameshsoft.selenium.pack4.DataProviderClassTest -->
