<?xml version="1.0" encoding="UTF-8"?>
<!-- Generated by org.testng.reporters.JUnitReportReporter -->
<testsuite hostname="SRK" failures="0" tests="2" name="demo.DependsOnMethods" time="0.016" errors="0" timestamp="23 Jun 2019 07:37:13 GMT" skipped="0">
  <testcase classname="demo.DependsOnMethods" name="login" time="0.000"/>
  <testcase classname="demo.DependsOnMethods" name="inbox" time="0.016"/>
</testsuite> <!-- demo.DependsOnMethods -->
