<?xml version="1.0" encoding="UTF-8"?>
<!-- Generated by org.testng.reporters.JUnitReportReporter -->
<testsuite hostname="SRK" failures="0" tests="3" name="com.rameshsoft.selenium.pack4.A" time="0.021" errors="0" timestamp="22 Feb 2020 10:36:31 GMT" skipped="0">
  <testcase classname="com.rameshsoft.selenium.pack4.A" name="test" time="0.000"/>
  <testcase classname="com.rameshsoft.selenium.pack4.A" name="hello" time="0.000"/>
  <testcase classname="com.rameshsoft.selenium.pack4.A" name="defaultvalues" time="0.021"/>
</testsuite> <!-- com.rameshsoft.selenium.pack4.A -->
