<?xml version="1.0" encoding="UTF-8"?>
<!-- Generated by org.testng.reporters.JUnitReportReporter -->
<testsuite hostname="SRK" failures="0" tests="4" name="com.rameshsoft.selenium.pack1.C" time="0.016" errors="0" timestamp="22 Feb 2020 13:27:22 GMT" skipped="0">
  <testcase classname="com.rameshsoft.selenium.pack1.C" name="hello" time="0.000"/>
  <testcase classname="com.rameshsoft.selenium.pack1.C" name="soon" time="0.000"/>
  <testcase classname="com.rameshsoft.selenium.pack1.C" name="welcome" time="0.000"/>
  <testcase classname="com.rameshsoft.selenium.pack1.C" name="bye" time="0.016"/>
</testsuite> <!-- com.rameshsoft.selenium.pack1.C -->
